<?xml version="1.0" encoding="UTF-8"?>
<!-- Generated by org.testng.reporters.JUnitReportReporter -->
<testsuite hostname="Ambikesh-PC" failures="0" tests="2" name="com.test.testcases.ProductsHomeTest" time="61.551" errors="0" timestamp="2021-05-16T15:58:46 IST" skipped="0">
  <testcase classname="com.test.testcases.ProductsHomeTest" name="validateFEHomePageTitle" time="23.394"/>
  <system-out/>
  <testcase classname="com.test.testcases.ProductsHomeTest" name="fillingFormUsingValidDetails" time="38.157"/>
  <system-out/>
</testsuite> <!-- com.test.testcases.ProductsHomeTest -->
