<?xml version="1.0" encoding="UTF-8"?>
<!-- Generated by org.testng.reporters.JUnitReportReporter -->
<testsuite hostname="LAPTOP-TAETOFLF" failures="0" tests="2" name="Scenario5.FillingForm" time="23.173" errors="0" timestamp="2021-05-18T18:36:05 IST" skipped="0">
  <testcase classname="Scenario5.FillingForm" name="fillingFormUsingValidDetails" time="11.480"/>
  <system-out/>
  <testcase classname="Scenario5.FillingForm" name="fillingWithoutEmail" time="11.693"/>
  <system-out/>
</testsuite> <!-- Scenario5.FillingForm -->
