<?xml version="1.0" encoding="UTF-8"?>
<!-- Generated by org.testng.reporters.JUnitReportReporter -->
<testsuite hostname="Ambikesh-PC" failures="0" tests="2" name="com.test.testcases.ExtractCourseTest" time="78.197" errors="0" timestamp="2021-05-17T19:10:50 IST" skipped="0">
  <testcase classname="com.test.testcases.ExtractCourseTest" name="firstCourse" time="37.963"/>
  <system-out>
    <![CDATA[Name of the first course :Search Engine Optimization (SEO)
Ratings of the first course :4.6
Total learning hours of first course: Approximately 5 months to complete]]>
  </system-out>
  <testcase classname="com.test.testcases.ExtractCourseTest" name="secondcourse" time="40.234"/>
  <system-out>
    <![CDATA[Name of the second course :Introduction to Web Development
Ratings of the second course :4.7
Total learning hours of first course: Approx. 22 hours to complete]]>
  </system-out>
</testsuite> <!-- com.test.testcases.ExtractCourseTest -->
