<?xml version="1.0" encoding="UTF-8"?>
<!-- Generated by org.testng.reporters.JUnitReportReporter -->
<testsuite hostname="Ambikesh-PC" failures="0" tests="2" name="com.test.testcases.ProductsHomeTest" time="59.395" errors="0" timestamp="2021-05-15T16:43:06 IST" skipped="0">
  <testcase classname="com.test.testcases.ProductsHomeTest" name="validateFEHomePageTitle" time="22.761"/>
  <system-out/>
  <testcase classname="com.test.testcases.ProductsHomeTest" name="fillingFormUsingValidDetails" time="36.634"/>
  <system-out/>
</testsuite> <!-- com.test.testcases.ProductsHomeTest -->
