<?xml version="1.0" encoding="UTF-8"?>
<!-- Generated by org.testng.reporters.JUnitReportReporter -->
<testsuite hostname="LAPTOP-TAETOFLF" failures="0" tests="2" name="Scenario4.ExtractCourseTest" time="29.099" errors="0" timestamp="2021-05-18T18:36:05 IST" skipped="0">
  <testcase classname="Scenario4.ExtractCourseTest" name="firstCourse" time="18.118"/>
  <system-out/>
  <testcase classname="Scenario4.ExtractCourseTest" name="secondcourse" time="10.981"/>
  <system-out/>
</testsuite> <!-- Scenario4.ExtractCourseTest -->
