<?xml version="1.0" encoding="UTF-8"?>
<!-- Generated by org.testng.reporters.JUnitReportReporter -->
<testsuite hostname="Ambikesh-PC" failures="0" tests="2" name="Scenario4.ExtractCourseTest" time="27.846" errors="0" timestamp="2021-05-18T10:06:31 IST" skipped="0">
  <testcase classname="Scenario4.ExtractCourseTest" name="firstCourse" time="17.820"/>
  <system-out/>
  <testcase classname="Scenario4.ExtractCourseTest" name="secondcourse" time="10.026"/>
  <system-out/>
</testsuite> <!-- Scenario4.ExtractCourseTest -->
