<?xml version="1.0" encoding="UTF-8"?>
<!-- Generated by org.testng.reporters.JUnitReportReporter -->
<testsuite hostname="Ambikesh-PC" failures="0" tests="2" name="com.test.testcases.ExtractCourseTest" time="78.507" errors="0" timestamp="2021-05-17T21:59:00 IST" skipped="0">
  <testcase classname="com.test.testcases.ExtractCourseTest" name="firstCourse" time="42.077"/>
  <system-out/>
  <testcase classname="com.test.testcases.ExtractCourseTest" name="secondcourse" time="36.430"/>
  <system-out/>
</testsuite> <!-- com.test.testcases.ExtractCourseTest -->
