<?xml version="1.0" encoding="UTF-8"?>
<!-- Generated by org.testng.reporters.JUnitReportReporter -->
<testsuite hostname="Ambikesh-PC" failures="0" tests="1" name="com.test.testcases.FirstCourseTest" time="29.221" errors="0" timestamp="2021-05-15T16:43:06 IST" skipped="0">
  <testcase classname="com.test.testcases.FirstCourseTest" name="firstCourse" time="29.221"/>
  <system-out>
    <![CDATA[Name of the first course :Search Engine Optimization (SEO)
Ratings of the first course :4.6
Total learning hours of first course: Approximately 5 months to complete]]>
  </system-out>
</testsuite> <!-- com.test.testcases.FirstCourseTest -->
