<?xml version="1.0" encoding="UTF-8"?>
<!-- Generated by org.testng.reporters.JUnitReportReporter -->
<testsuite hostname="Ambikesh-PC" failures="0" tests="3" name="com.test.testcases.LandingPageTest" time="34.135" errors="0" timestamp="2021-05-17T19:10:50 IST" skipped="0">
  <testcase classname="com.test.testcases.LandingPageTest" name="landingPageTitleTest" time="10.380"/>
  <system-out/>
  <testcase classname="com.test.testcases.LandingPageTest" name="pageLogoTest" time="9.809"/>
  <system-out/>
  <testcase classname="com.test.testcases.LandingPageTest" name="loginTest" time="13.946"/>
  <system-out/>
</testsuite> <!-- com.test.testcases.LandingPageTest -->
