<?xml version="1.0" encoding="UTF-8"?>
<!-- Generated by org.testng.reporters.JUnitReportReporter -->
<testsuite hostname="Ambikesh-PC" failures="0" tests="8" name="com.test.testcases.ProductsHomeTest" time="272.222" errors="0" timestamp="2021-05-17T10:06:51 IST" skipped="0">
  <testcase classname="com.test.testcases.ProductsHomeTest" name="fillingWithoutFirstName" time="36.697"/>
  <system-out/>
  <testcase classname="com.test.testcases.ProductsHomeTest" name="fillingWithoutLastName" time="37.467"/>
  <system-out/>
  <testcase classname="com.test.testcases.ProductsHomeTest" name="fillingWithoutJobFunction" time="39.468"/>
  <system-out/>
  <testcase classname="com.test.testcases.ProductsHomeTest" name="fillingWithoutJobTitle" time="36.432"/>
  <system-out/>
  <testcase classname="com.test.testcases.ProductsHomeTest" name="fillingWithoutEmail" time="26.162"/>
  <system-out/>
  <testcase classname="com.test.testcases.ProductsHomeTest" name="fillingWithoutPhone" time="33.646"/>
  <system-out/>
  <testcase classname="com.test.testcases.ProductsHomeTest" name="fillingWithoutIntituteName" time="33.708"/>
  <system-out/>
  <testcase classname="com.test.testcases.ProductsHomeTest" name="fillingFormUsingValidDetails" time="28.642"/>
  <system-out/>
</testsuite> <!-- com.test.testcases.ProductsHomeTest -->
