<?xml version="1.0" encoding="UTF-8"?>
<!-- Generated by org.testng.reporters.JUnitReportReporter -->
<testsuite hostname="Ambikesh-PC" failures="0" tests="2" name="com.test.testcases.FillingForm" time="30.163" errors="0" timestamp="2021-05-18T10:49:09 IST" skipped="0">
  <testcase classname="com.test.testcases.FillingForm" name="fillingFormUsingValidDetails" time="19.350"/>
  <system-out/>
  <testcase classname="com.test.testcases.FillingForm" name="fillingWithoutEmail" time="10.813"/>
  <system-out/>
</testsuite> <!-- com.test.testcases.FillingForm -->
