<?xml version="1.0" encoding="UTF-8"?>
<!-- Generated by org.testng.reporters.JUnitReportReporter -->
<testsuite hostname="Ambikesh-PC" failures="0" tests="2" name="com.test.testcases.ForEnterpriseHomePageTest" time="78.085" errors="0" timestamp="2021-05-14T22:25:42 IST" skipped="0">
  <testcase classname="com.test.testcases.ForEnterpriseHomePageTest" name="validateFEHomePageTitle" time="20.742"/>
  <system-out/>
  <testcase classname="com.test.testcases.ForEnterpriseHomePageTest" name="navigateToProducts" time="57.343"/>
  <system-out/>
</testsuite> <!-- com.test.testcases.ForEnterpriseHomePageTest -->
