<?xml version="1.0" encoding="UTF-8"?>
<!-- Generated by org.testng.reporters.JUnitReportReporter -->
<testsuite hostname="Ambikesh-PC" failures="0" tests="9" name="com.test.testcases.ProductsHomeTest" time="470.695" errors="0" timestamp="2021-05-17T19:10:50 IST" skipped="0">
  <testcase classname="com.test.testcases.ProductsHomeTest" name="validateFEHomePageTitle" time="24.223"/>
  <system-out/>
  <testcase classname="com.test.testcases.ProductsHomeTest" name="fillingWithoutFirstName" time="32.885"/>
  <system-out/>
  <testcase classname="com.test.testcases.ProductsHomeTest" name="fillingWithoutLastName" time="63.882"/>
  <system-out/>
  <testcase classname="com.test.testcases.ProductsHomeTest" name="fillingWithoutJobFunction" time="43.574"/>
  <system-out/>
  <testcase classname="com.test.testcases.ProductsHomeTest" name="fillingWithoutJobTitle" time="83.329"/>
  <system-out/>
  <testcase classname="com.test.testcases.ProductsHomeTest" name="fillingWithoutEmail" time="65.732"/>
  <system-out/>
  <testcase classname="com.test.testcases.ProductsHomeTest" name="fillingWithoutPhone" time="67.718"/>
  <system-out/>
  <testcase classname="com.test.testcases.ProductsHomeTest" name="fillingWithoutIntituteName" time="45.663"/>
  <system-out/>
  <testcase classname="com.test.testcases.ProductsHomeTest" name="fillingFormUsingValidDetails" time="43.689"/>
  <system-out/>
</testsuite> <!-- com.test.testcases.ProductsHomeTest -->
