<?xml version="1.0" encoding="UTF-8"?>
<!-- Generated by org.testng.reporters.JUnitReportReporter -->
<testsuite hostname="Ambikesh-PC" failures="0" tests="2" name="Scenario5.FillingForm" time="20.633" errors="0" timestamp="2021-05-18T17:29:44 IST" skipped="0">
  <testcase classname="Scenario5.FillingForm" name="fillingFormUsingValidDetails" time="13.276"/>
  <system-out/>
  <testcase classname="Scenario5.FillingForm" name="fillingWithoutEmail" time="7.357"/>
  <system-out/>
</testsuite> <!-- Scenario5.FillingForm -->
