<?xml version="1.0" encoding="UTF-8"?>
<!-- Generated by org.testng.reporters.JUnitReportReporter -->
<testsuite hostname="Ambikesh-PC" failures="0" tests="2" name="com.test.testcases.ProductsHomeTest" time="93.648" errors="0" timestamp="2021-05-17T21:45:14 IST" skipped="0">
  <testcase classname="com.test.testcases.ProductsHomeTest" name="fillingFormUsingValidDetails" time="40.533"/>
  <system-out/>
  <testcase classname="com.test.testcases.ProductsHomeTest" name="fillingWithoutEmail" time="53.115"/>
  <system-out/>
</testsuite> <!-- com.test.testcases.ProductsHomeTest -->
