<?xml version="1.0" encoding="UTF-8"?>
<!-- Generated by org.testng.reporters.JUnitReportReporter -->
<testsuite hostname="Ambikesh-PC" failures="0" tests="2" name="com.test.testcases.PageCoursesTest" time="24.901" errors="0" timestamp="2021-05-15T16:43:06 IST" skipped="0">
  <testcase classname="com.test.testcases.PageCoursesTest" name="validatePageTitle" time="12.513"/>
  <system-out/>
  <testcase classname="com.test.testcases.PageCoursesTest" name="selectFilter" time="12.388"/>
  <system-out/>
</testsuite> <!-- com.test.testcases.PageCoursesTest -->
