<?xml version="1.0" encoding="UTF-8"?>
<!-- Generated by org.testng.reporters.JUnitReportReporter -->
<testsuite hostname="Ambikesh-PC" failures="0" tests="2" name="Scenario4.ExtractCourseTest" time="26.369" errors="0" timestamp="2021-05-18T17:29:44 IST" skipped="0">
  <testcase classname="Scenario4.ExtractCourseTest" name="firstCourse" time="17.319"/>
  <system-out/>
  <testcase classname="Scenario4.ExtractCourseTest" name="secondcourse" time="9.050"/>
  <system-out/>
</testsuite> <!-- Scenario4.ExtractCourseTest -->
