<?xml version="1.0" encoding="UTF-8"?>
<!-- Generated by org.testng.reporters.JUnitReportReporter -->
<testsuite hostname="Ambikesh-PC" failures="0" tests="1" name="com.test.testcases.ProductsHomeTest" time="52.668" errors="0" timestamp="2021-05-16T22:07:13 IST" skipped="0">
  <testcase classname="com.test.testcases.ProductsHomeTest" name="fillingWithoutIntituteName" time="52.668"/>
  <system-out/>
</testsuite> <!-- com.test.testcases.ProductsHomeTest -->
