<?xml version="1.0" encoding="UTF-8"?>
<!-- Generated by org.testng.reporters.JUnitReportReporter -->
<testsuite hostname="Ambikesh-PC" failures="0" tests="1" name="com.test.testcases.ProductsHomeTest" time="96.768" errors="0" timestamp="2021-05-16T17:34:12 IST" skipped="0">
  <testcase classname="com.test.testcases.ProductsHomeTest" name="fillingWithoutJobTitle" time="96.768"/>
  <system-out/>
</testsuite> <!-- com.test.testcases.ProductsHomeTest -->
