<?xml version="1.0" encoding="UTF-8"?>
<!-- Generated by org.testng.reporters.JUnitReportReporter -->
<testsuite hostname="Ambikesh-PC" failures="0" tests="1" name="com.test.testcases.ProductsHomePageS5TC3" time="69.333" errors="0" timestamp="2021-05-16T15:49:31 IST" skipped="0">
  <testcase classname="com.test.testcases.ProductsHomePageS5TC3" name="fillingWithoutFirstName" time="69.333"/>
  <system-out/>
</testsuite> <!-- com.test.testcases.ProductsHomePageS5TC3 -->
