<?xml version="1.0" encoding="UTF-8"?>
<!-- Generated by org.testng.reporters.JUnitReportReporter -->
<testsuite hostname="Ambikesh-PC" failures="0" tests="1" name="com.test.testcases.ProductsHomePageS5TC2" time="45.161" errors="0" timestamp="2021-05-15T20:54:05 IST" skipped="0">
  <testcase classname="com.test.testcases.ProductsHomePageS5TC2" name="fillingWithoutFirstName" time="45.161"/>
  <system-out/>
</testsuite> <!-- com.test.testcases.ProductsHomePageS5TC2 -->
