<?xml version="1.0" encoding="UTF-8"?>
<!-- Generated by org.testng.reporters.JUnitReportReporter -->
<testsuite hostname="Ambikesh-PC" failures="0" tests="3" name="com.test.testcases.LandingPageTest" time="29.329" errors="0" timestamp="2021-05-15T16:43:06 IST" skipped="0">
  <testcase classname="com.test.testcases.LandingPageTest" name="landingPageTitleTest" time="9.655"/>
  <system-out/>
  <testcase classname="com.test.testcases.LandingPageTest" name="pageLogoTest" time="9.780"/>
  <system-out/>
  <testcase classname="com.test.testcases.LandingPageTest" name="loginTest" time="9.894"/>
  <system-out/>
</testsuite> <!-- com.test.testcases.LandingPageTest -->
