<?xml version="1.0" encoding="UTF-8"?>
<!-- Generated by org.testng.reporters.JUnitReportReporter -->
<testsuite hostname="LAPTOP-TAETOFLF" failures="0" tests="1" name="Scenario1.ValidateTest" time="9.889" errors="0" timestamp="2021-05-18T18:36:05 IST" skipped="0">
  <testcase classname="Scenario1.ValidateTest" name="searching" time="9.889"/>
  <system-out/>
</testsuite> <!-- Scenario1.ValidateTest -->
