<?xml version="1.0" encoding="UTF-8"?>
<!-- Generated by org.testng.reporters.JUnitReportReporter -->
<testsuite hostname="Ambikesh-PC" failures="0" tests="1" name="com.test.testcases.ProductsHomePageS5TC1" time="30.176" errors="0" timestamp="2021-05-15T16:43:06 IST" skipped="0">
  <testcase classname="com.test.testcases.ProductsHomePageS5TC1" name="fillingWithoutFirstName" time="30.176"/>
  <system-out/>
</testsuite> <!-- com.test.testcases.ProductsHomePageS5TC1 -->
