<?xml version="1.0" encoding="UTF-8"?>
<!-- Generated by org.testng.reporters.JUnitReportReporter -->
<testsuite hostname="Ambikesh-PC" failures="0" tests="2" name="com.test.testcases.FillingForm" time="76.869" errors="0" timestamp="2021-05-17T21:59:00 IST" skipped="0">
  <testcase classname="com.test.testcases.FillingForm" name="fillingFormUsingValidDetails" time="37.543"/>
  <system-out/>
  <testcase classname="com.test.testcases.FillingForm" name="fillingWithoutEmail" time="39.326"/>
  <system-out/>
</testsuite> <!-- com.test.testcases.FillingForm -->
