<?xml version="1.0" encoding="UTF-8"?>
<!-- Generated by org.testng.reporters.JUnitReportReporter -->
<testsuite hostname="Ambikesh-PC" failures="0" tests="2" name="com.test.testcases.PageCoursesTest" time="32.106" errors="0" timestamp="2021-05-17T19:10:50 IST" skipped="0">
  <testcase classname="com.test.testcases.PageCoursesTest" name="validatePageTitle" time="15.997"/>
  <system-out/>
  <testcase classname="com.test.testcases.PageCoursesTest" name="selectFilter" time="16.109"/>
  <system-out/>
</testsuite> <!-- com.test.testcases.PageCoursesTest -->
