<?xml version="1.0" encoding="UTF-8"?>
<!-- Generated by org.testng.reporters.JUnitReportReporter -->
<testsuite hostname="Ambikesh-PC" failures="0" tests="1" name="com.test.testcases.SecondCourseTest" time="29.933" errors="0" timestamp="2021-05-15T16:43:06 IST" skipped="0">
  <testcase classname="com.test.testcases.SecondCourseTest" name="secondcourse" time="29.933"/>
  <system-out>
    <![CDATA[Name of the second course :Introduction to Web Development
Ratings of the second course :4.7
Total learning hours of first course: Approx. 22 hours to complete]]>
  </system-out>
</testsuite> <!-- com.test.testcases.SecondCourseTest -->
